# JRE version: Java(TM) SE Runtime Environment (8.0_162-b12) (build 1.8.0_162-b12)
# Java VM: Java HotSpot(TM) 64-Bit Server VM (25.162-b12 mixed mode linux-amd64 compressed oops)
Heap:
 PSYoungGen      total 292864K, used 219823K [0x00000000eb700000, 0x0000000100000000, 0x0000000100000000)
  eden space 248832K, 70% used [0x00000000eb700000,0x00000000f62e20c0,0x00000000faa00000)
  from space 44032K, 99% used [0x00000000faa00000,0x00000000fd4c9df8,0x00000000fd500000)
  to   space 44032K, 0% used [0x00000000fd500000,0x00000000fd500000,0x0000000100000000)
 ParOldGen       total 157184K, used 149534K [0x00000000c2400000, 0x00000000cbd80000, 0x00000000eb700000)
  object space 157184K, 95% used [0x00000000c2400000,0x00000000cb607b70,0x00000000cbd80000)
 Metaspace       used 28036K, capacity 28592K, committed 28928K, reserved 1075200K
  class space    used 3339K, capacity 3528K, committed 3584K, reserved 1048576K
GC Heap History (10 events):
Event: 136.882 GC heap before
{Heap before GC invocations=149 (full 6):
 PSYoungGen      total 292352K, used 291082K [0x00000000eb700000, 0x0000000100000000, 0x0000000100000000)
  eden space 247808K, 100% used [0x00000000eb700000,0x00000000fa900000,0x00000000fa900000)
  from space 44544K, 97% used [0x00000000fd480000,0x00000000ffec2b90,0x0000000100000000)
  to   space 44544K, 0% used [0x00000000fa900000,0x00000000fa900000,0x00000000fd480000)
 ParOldGen       total 157184K, used 142402K [0x00000000c2400000, 0x00000000cbd80000, 0x00000000eb700000)
  object space 157184K, 90% used [0x00000000c2400000,0x00000000caf10a48,0x00000000cbd80000)
 Metaspace       used 28014K, capacity 28592K, committed 28928K, reserved 1075200K
  class space    used 3337K, capacity 3528K, committed 3584K, reserved 1048576K
Event: 136.970 GC heap after
Heap after GC invocations=149 (full 6):
 PSYoungGen      total 292352K, used 42232K [0x00000000eb700000, 0x0000000100000000, 0x0000000100000000)
  eden space 247808K, 0% used [0x00000000eb700000,0x00000000eb700000,0x00000000fa900000)
  from space 44544K, 94% used [0x00000000fa900000,0x00000000fd23e3a8,0x00000000fd480000)
  to   space 44544K, 0% used [0x00000000fd480000,0x00000000fd480000,0x0000000100000000)
 ParOldGen       total 157184K, used 143919K [0x00000000c2400000, 0x00000000cbd80000, 0x00000000eb700000)
  object space 157184K, 91% used [0x00000000c2400000,0x00000000cb08be50,0x00000000cbd80000)
 Metaspace       used 28014K, capacity 28592K, committed 28928K, reserved 1075200K
  class space    used 3337K, capacity 3528K, committed 3584K, reserved 1048576K
}
Event: 137.302 GC heap before
{Heap before GC invocations=150 (full 6):
 PSYoungGen      total 292352K, used 290040K [0x00000000eb700000, 0x0000000100000000, 0x0000000100000000)
  eden space 247808K, 100% used [0x00000000eb700000,0x00000000fa900000,0x00000000fa900000)
  from space 44544K, 94% used [0x00000000fa900000,0x00000000fd23e3a8,0x00000000fd480000)
  to   space 44544K, 0% used [0x00000000fd480000,0x00000000fd480000,0x0000000100000000)
 ParOldGen       total 157184K, used 143919K [0x00000000c2400000, 0x00000000cbd80000, 0x00000000eb700000)
  object space 157184K, 91% used [0x00000000c2400000,0x00000000cb08be50,0x00000000cbd80000)
 Metaspace       used 28014K, capacity 28592K, committed 28928K, reserved 1075200K
  class space    used 3337K, capacity 3528K, committed 3584K, reserved 1048576K
Event: 137.390 GC heap after
Heap after GC invocations=150 (full 6):
 PSYoungGen      total 291328K, used 42462K [0x00000000eb700000, 0x00000000fff00000, 0x0000000100000000)
  eden space 247808K, 0% used [0x00000000eb700000,0x00000000eb700000,0x00000000fa900000)
  from space 43520K, 97% used [0x00000000fd480000,0x00000000ffdf78e0,0x00000000fff00000)
  to   space 44032K, 0% used [0x00000000fa900000,0x00000000fa900000,0x00000000fd400000)
 ParOldGen       total 157184K, used 144291K [0x00000000c2400000, 0x00000000cbd80000, 0x00000000eb700000)
  object space 157184K, 91% used [0x00000000c2400000,0x00000000cb0e8e70,0x00000000cbd80000)
 Metaspace       used 28014K, capacity 28592K, committed 28928K, reserved 1075200K
  class space    used 3337K, capacity 3528K, committed 3584K, reserved 1048576K
}
Event: 137.719 GC heap before
{Heap before GC invocations=151 (full 6):
 PSYoungGen      total 291328K, used 290270K [0x00000000eb700000, 0x00000000fff00000, 0x0000000100000000)
  eden space 247808K, 100% used [0x00000000eb700000,0x00000000fa900000,0x00000000fa900000)
  from space 43520K, 97% used [0x00000000fd480000,0x00000000ffdf78e0,0x00000000fff00000)
  to   space 44032K, 0% used [0x00000000fa900000,0x00000000fa900000,0x00000000fd400000)
 ParOldGen       total 157184K, used 144291K [0x00000000c2400000, 0x00000000cbd80000, 0x00000000eb700000)
  object space 157184K, 91% used [0x00000000c2400000,0x00000000cb0e8e70,0x00000000cbd80000)
 Metaspace       used 28014K, capacity 28592K, committed 28928K, reserved 1075200K
  class space    used 3337K, capacity 3528K, committed 3584K, reserved 1048576K
Event: 137.815 GC heap after
Heap after GC invocations=151 (full 6):
 PSYoungGen      total 291840K, used 42866K [0x00000000eb700000, 0x0000000100000000, 0x0000000100000000)
  eden space 247808K, 0% used [0x00000000eb700000,0x00000000eb700000,0x00000000fa900000)
  from space 44032K, 97% used [0x00000000fa900000,0x00000000fd2dc948,0x00000000fd400000)
  to   space 44032K, 0% used [0x00000000fd500000,0x00000000fd500000,0x0000000100000000)
 ParOldGen       total 157184K, used 146129K [0x00000000c2400000, 0x00000000cbd80000, 0x00000000eb700000)
  object space 157184K, 92% used [0x00000000c2400000,0x00000000cb2b4660,0x00000000cbd80000)
 Metaspace       used 28014K, capacity 28592K, committed 28928K, reserved 1075200K
  class space    used 3337K, capacity 3528K, committed 3584K, reserved 1048576K
}
Event: 138.180 GC heap before
{Heap before GC invocations=152 (full 6):
 PSYoungGen      total 291840K, used 290674K [0x00000000eb700000, 0x0000000100000000, 0x0000000100000000)
  eden space 247808K, 100% used [0x00000000eb700000,0x00000000fa900000,0x00000000fa900000)
  from space 44032K, 97% used [0x00000000fa900000,0x00000000fd2dc948,0x00000000fd400000)
  to   space 44032K, 0% used [0x00000000fd500000,0x00000000fd500000,0x0000000100000000)
 ParOldGen       total 157184K, used 146129K [0x00000000c2400000, 0x00000000cbd80000, 0x00000000eb700000)
  object space 157184K, 92% used [0x00000000c2400000,0x00000000cb2b4660,0x00000000cbd80000)
 Metaspace       used 28014K, capacity 28592K, committed 28928K, reserved 1075200K
  class space    used 3337K, capacity 3528K, committed 3584K, reserved 1048576K
Event: 138.267 GC heap after
Heap after GC invocations=152 (full 6):
 PSYoungGen      total 292864K, used 42763K [0x00000000eb700000, 0x0000000100000000, 0x0000000100000000)
  eden space 248832K, 0% used [0x00000000eb700000,0x00000000eb700000,0x00000000faa00000)
  from space 44032K, 97% used [0x00000000fd500000,0x00000000ffec2f18,0x0000000100000000)
  to   space 44032K, 0% used [0x00000000faa00000,0x00000000faa00000,0x00000000fd500000)
 ParOldGen       total 157184K, used 148110K [0x00000000c2400000, 0x00000000cbd80000, 0x00000000eb700000)
  object space 157184K, 94% used [0x00000000c2400000,0x00000000cb4a3a88,0x00000000cbd80000)
 Metaspace       used 28014K, capacity 28592K, committed 28928K, reserved 1075200K
  class space    used 3337K, capacity 3528K, committed 3584K, reserved 1048576K
}
Event: 138.602 GC heap before
{Heap before GC invocations=153 (full 6):
 PSYoungGen      total 292864K, used 291595K [0x00000000eb700000, 0x0000000100000000, 0x0000000100000000)
  eden space 248832K, 100% used [0x00000000eb700000,0x00000000faa00000,0x00000000faa00000)
  from space 44032K, 97% used [0x00000000fd500000,0x00000000ffec2f18,0x0000000100000000)
  to   space 44032K, 0% used [0x00000000faa00000,0x00000000faa00000,0x00000000fd500000)
 ParOldGen       total 157184K, used 148110K [0x00000000c2400000, 0x00000000cbd80000, 0x00000000eb700000)
  object space 157184K, 94% used [0x00000000c2400000,0x00000000cb4a3a88,0x00000000cbd80000)
 Metaspace       used 28014K, capacity 28592K, committed 28928K, reserved 1075200K
  class space    used 3337K, capacity 3528K, committed 3584K, reserved 1048576K
Event: 138.689 GC heap after
Heap after GC invocations=153 (full 6):
 PSYoungGen      total 292864K, used 43815K [0x00000000eb700000, 0x0000000100000000, 0x0000000100000000)
  eden space 248832K, 0% used [0x00000000eb700000,0x00000000eb700000,0x00000000faa00000)
  from space 44032K, 99% used [0x00000000faa00000,0x00000000fd4c9df8,0x00000000fd500000)
  to   space 44032K, 0% used [0x00000000fd500000,0x00000000fd500000,0x0000000100000000)
 ParOldGen       total 157184K, used 149534K [0x00000000c2400000, 0x00000000cbd80000, 0x00000000eb700000)
  object space 157184K, 95% used [0x00000000c2400000,0x00000000cb607b70,0x00000000cbd80000)
 Metaspace       used 28014K, capacity 28592K, committed 28928K, reserved 1075200K
  class space    used 3337K, capacity 3528K, committed 3584K, reserved 1048576K
}

