# JRE version: Java(TM) SE Runtime Environment (8.0_162-b12) (build 1.8.0_162-b12)
# Java VM: Java HotSpot(TM) 64-Bit Server VM (25.162-b12 mixed mode linux-amd64 compressed oops)
Heap:
 PSYoungGen      total 292352K, used 133180K [0x00000000eb700000, 0x0000000100000000, 0x0000000100000000)
  eden space 247808K, 36% used [0x00000000eb700000,0x00000000f0f07600,0x00000000fa900000)
  from space 44544K, 96% used [0x00000000fa900000,0x00000000fd307ba8,0x00000000fd480000)
  to   space 44544K, 0% used [0x00000000fd480000,0x00000000fd480000,0x0000000100000000)
 ParOldGen       total 143360K, used 108370K [0x00000000c2400000, 0x00000000cb000000, 0x00000000eb700000)
  object space 143360K, 75% used [0x00000000c2400000,0x00000000c8dd49d0,0x00000000cb000000)
 Metaspace       used 22898K, capacity 23430K, committed 23552K, reserved 1071104K
  class space    used 2598K, capacity 2779K, committed 2816K, reserved 1048576K
GC Heap History (10 events):
Event: 31.846 GC heap before
{Heap before GC invocations=81 (full 4):
 PSYoungGen      total 292352K, used 290069K [0x00000000eb700000, 0x0000000100000000, 0x0000000100000000)
  eden space 247808K, 100% used [0x00000000eb700000,0x00000000fa900000,0x00000000fa900000)
  from space 44544K, 94% used [0x00000000fd480000,0x00000000ffdc5648,0x0000000100000000)
  to   space 44544K, 0% used [0x00000000fa900000,0x00000000fa900000,0x00000000fd480000)
 ParOldGen       total 143360K, used 102107K [0x00000000c2400000, 0x00000000cb000000, 0x00000000eb700000)
  object space 143360K, 71% used [0x00000000c2400000,0x00000000c87b6d08,0x00000000cb000000)
 Metaspace       used 20631K, capacity 21138K, committed 21504K, reserved 1069056K
  class space    used 2317K, capacity 2473K, committed 2560K, reserved 1048576K
Event: 31.929 GC heap after
Heap after GC invocations=81 (full 4):
 PSYoungGen      total 292352K, used 42878K [0x00000000eb700000, 0x0000000100000000, 0x0000000100000000)
  eden space 247808K, 0% used [0x00000000eb700000,0x00000000eb700000,0x00000000fa900000)
  from space 44544K, 96% used [0x00000000fa900000,0x00000000fd2df848,0x00000000fd480000)
  to   space 44544K, 0% used [0x00000000fd480000,0x00000000fd480000,0x0000000100000000)
 ParOldGen       total 143360K, used 103545K [0x00000000c2400000, 0x00000000cb000000, 0x00000000eb700000)
  object space 143360K, 72% used [0x00000000c2400000,0x00000000c891e428,0x00000000cb000000)
 Metaspace       used 20631K, capacity 21138K, committed 21504K, reserved 1069056K
  class space    used 2317K, capacity 2473K, committed 2560K, reserved 1048576K
}
Event: 32.261 GC heap before
{Heap before GC invocations=82 (full 4):
 PSYoungGen      total 292352K, used 290686K [0x00000000eb700000, 0x0000000100000000, 0x0000000100000000)
  eden space 247808K, 100% used [0x00000000eb700000,0x00000000fa900000,0x00000000fa900000)
  from space 44544K, 96% used [0x00000000fa900000,0x00000000fd2df848,0x00000000fd480000)
  to   space 44544K, 0% used [0x00000000fd480000,0x00000000fd480000,0x0000000100000000)
 ParOldGen       total 143360K, used 103545K [0x00000000c2400000, 0x00000000cb000000, 0x00000000eb700000)
  object space 143360K, 72% used [0x00000000c2400000,0x00000000c891e428,0x00000000cb000000)
 Metaspace       used 20631K, capacity 21138K, committed 21504K, reserved 1069056K
  class space    used 2317K, capacity 2473K, committed 2560K, reserved 1048576K
Event: 32.346 GC heap after
Heap after GC invocations=82 (full 4):
 PSYoungGen      total 292352K, used 43394K [0x00000000eb700000, 0x0000000100000000, 0x0000000100000000)
  eden space 247808K, 0% used [0x00000000eb700000,0x00000000eb700000,0x00000000fa900000)
  from space 44544K, 97% used [0x00000000fd480000,0x00000000ffee0990,0x0000000100000000)
  to   space 44544K, 0% used [0x00000000fa900000,0x00000000fa900000,0x00000000fd480000)
 ParOldGen       total 143360K, used 105009K [0x00000000c2400000, 0x00000000cb000000, 0x00000000eb700000)
  object space 143360K, 73% used [0x00000000c2400000,0x00000000c8a8c6d0,0x00000000cb000000)
 Metaspace       used 20631K, capacity 21138K, committed 21504K, reserved 1069056K
  class space    used 2317K, capacity 2473K, committed 2560K, reserved 1048576K
}
Event: 32.679 GC heap before
{Heap before GC invocations=83 (full 4):
 PSYoungGen      total 292352K, used 291202K [0x00000000eb700000, 0x0000000100000000, 0x0000000100000000)
  eden space 247808K, 100% used [0x00000000eb700000,0x00000000fa900000,0x00000000fa900000)
  from space 44544K, 97% used [0x00000000fd480000,0x00000000ffee0990,0x0000000100000000)
  to   space 44544K, 0% used [0x00000000fa900000,0x00000000fa900000,0x00000000fd480000)
 ParOldGen       total 143360K, used 105009K [0x00000000c2400000, 0x00000000cb000000, 0x00000000eb700000)
  object space 143360K, 73% used [0x00000000c2400000,0x00000000c8a8c6d0,0x00000000cb000000)
 Metaspace       used 20631K, capacity 21138K, committed 21504K, reserved 1069056K
  class space    used 2317K, capacity 2473K, committed 2560K, reserved 1048576K
Event: 32.763 GC heap after
Heap after GC invocations=83 (full 4):
 PSYoungGen      total 292352K, used 42424K [0x00000000eb700000, 0x0000000100000000, 0x0000000100000000)
  eden space 247808K, 0% used [0x00000000eb700000,0x00000000eb700000,0x00000000fa900000)
  from space 44544K, 95% used [0x00000000fa900000,0x00000000fd26e2c0,0x00000000fd480000)
  to   space 44544K, 0% used [0x00000000fd480000,0x00000000fd480000,0x0000000100000000)
 ParOldGen       total 143360K, used 106510K [0x00000000c2400000, 0x00000000cb000000, 0x00000000eb700000)
  object space 143360K, 74% used [0x00000000c2400000,0x00000000c8c03ad8,0x00000000cb000000)
 Metaspace       used 20631K, capacity 21138K, committed 21504K, reserved 1069056K
  class space    used 2317K, capacity 2473K, committed 2560K, reserved 1048576K
}
Event: 33.091 GC heap before
{Heap before GC invocations=84 (full 4):
 PSYoungGen      total 292352K, used 290232K [0x00000000eb700000, 0x0000000100000000, 0x0000000100000000)
  eden space 247808K, 100% used [0x00000000eb700000,0x00000000fa900000,0x00000000fa900000)
  from space 44544K, 95% used [0x00000000fa900000,0x00000000fd26e2c0,0x00000000fd480000)
  to   space 44544K, 0% used [0x00000000fd480000,0x00000000fd480000,0x0000000100000000)
 ParOldGen       total 143360K, used 106510K [0x00000000c2400000, 0x00000000cb000000, 0x00000000eb700000)
  object space 143360K, 74% used [0x00000000c2400000,0x00000000c8c03ad8,0x00000000cb000000)
 Metaspace       used 20631K, capacity 21138K, committed 21504K, reserved 1069056K
  class space    used 2317K, capacity 2473K, committed 2560K, reserved 1048576K
Event: 33.173 GC heap after
Heap after GC invocations=84 (full 4):
 PSYoungGen      total 292352K, used 42198K [0x00000000eb700000, 0x0000000100000000, 0x0000000100000000)
  eden space 247808K, 0% used [0x00000000eb700000,0x00000000eb700000,0x00000000fa900000)
  from space 44544K, 94% used [0x00000000fd480000,0x00000000ffdb59a0,0x0000000100000000)
  to   space 44544K, 0% used [0x00000000fa900000,0x00000000fa900000,0x00000000fd480000)
 ParOldGen       total 143360K, used 106914K [0x00000000c2400000, 0x00000000cb000000, 0x00000000eb700000)
  object space 143360K, 74% used [0x00000000c2400000,0x00000000c8c68af8,0x00000000cb000000)
 Metaspace       used 20631K, capacity 21138K, committed 21504K, reserved 1069056K
  class space    used 2317K, capacity 2473K, committed 2560K, reserved 1048576K
}
Event: 33.503 GC heap before
{Heap before GC invocations=85 (full 4):
 PSYoungGen      total 292352K, used 290006K [0x00000000eb700000, 0x0000000100000000, 0x0000000100000000)
  eden space 247808K, 100% used [0x00000000eb700000,0x00000000fa900000,0x00000000fa900000)
  from space 44544K, 94% used [0x00000000fd480000,0x00000000ffdb59a0,0x0000000100000000)
  to   space 44544K, 0% used [0x00000000fa900000,0x00000000fa900000,0x00000000fd480000)
 ParOldGen       total 143360K, used 106914K [0x00000000c2400000, 0x00000000cb000000, 0x00000000eb700000)
  object space 143360K, 74% used [0x00000000c2400000,0x00000000c8c68af8,0x00000000cb000000)
 Metaspace       used 20631K, capacity 21138K, committed 21504K, reserved 1069056K
  class space    used 2317K, capacity 2473K, committed 2560K, reserved 1048576K
Event: 33.585 GC heap after
Heap after GC invocations=85 (full 4):
 PSYoungGen      total 292352K, used 43038K [0x00000000eb700000, 0x0000000100000000, 0x0000000100000000)
  eden space 247808K, 0% used [0x00000000eb700000,0x00000000eb700000,0x00000000fa900000)
  from space 44544K, 96% used [0x00000000fa900000,0x00000000fd307ba8,0x00000000fd480000)
  to   space 44544K, 0% used [0x00000000fd480000,0x00000000fd480000,0x0000000100000000)
 ParOldGen       total 143360K, used 108370K [0x00000000c2400000, 0x00000000cb000000, 0x00000000eb700000)
  object space 143360K, 75% used [0x00000000c2400000,0x00000000c8dd49d0,0x00000000cb000000)
 Metaspace       used 20631K, capacity 21138K, committed 21504K, reserved 1069056K
  class space    used 2317K, capacity 2473K, committed 2560K, reserved 1048576K
}

