# JRE version: Java(TM) SE Runtime Environment (8.0_162-b12) (build 1.8.0_162-b12)
# Java VM: Java HotSpot(TM) 64-Bit Server VM (25.162-b12 mixed mode linux-amd64 compressed oops)
Heap:
 PSYoungGen      total 133632K, used 107522K [0x00000000eb700000, 0x00000000f4200000, 0x0000000100000000)
  eden space 126464K, 79% used [0x00000000eb700000,0x00000000f1994348,0x00000000f3280000)
  from space 7168K, 91% used [0x00000000f3a00000,0x00000000f406c6e0,0x00000000f4100000)
  to   space 7680K, 0% used [0x00000000f3280000,0x00000000f3280000,0x00000000f3a00000)
 ParOldGen       total 42496K, used 10229K [0x00000000c2400000, 0x00000000c4d80000, 0x00000000eb700000)
  object space 42496K, 24% used [0x00000000c2400000,0x00000000c2dfd5c8,0x00000000c4d80000)
 Metaspace       used 19383K, capacity 19872K, committed 20096K, reserved 1067008K
  class space    used 2223K, capacity 2374K, committed 2432K, reserved 1048576K
GC Heap History (10 events):
Event: 0.465 GC heap before
{Heap before GC invocations=2 (full 0):
 PSYoungGen      total 18432K, used 18407K [0x00000000eb700000, 0x00000000edb00000, 0x0000000100000000)
  eden space 15872K, 100% used [0x00000000eb700000,0x00000000ec680000,0x00000000ec680000)
  from space 2560K, 99% used [0x00000000ec680000,0x00000000ec8f9d30,0x00000000ec900000)
  to   space 2560K, 0% used [0x00000000ed880000,0x00000000ed880000,0x00000000edb00000)
 ParOldGen       total 42496K, used 684K [0x00000000c2400000, 0x00000000c4d80000, 0x00000000eb700000)
  object space 42496K, 1% used [0x00000000c2400000,0x00000000c24ab218,0x00000000c4d80000)
 Metaspace       used 7758K, capacity 7938K, committed 8064K, reserved 1056768K
  class space    used 980K, capacity 1049K, committed 1152K, reserved 1048576K
Event: 0.469 GC heap after
Heap after GC invocations=2 (full 0):
 PSYoungGen      total 34304K, used 2550K [0x00000000eb700000, 0x00000000edb00000, 0x0000000100000000)
  eden space 31744K, 0% used [0x00000000eb700000,0x00000000eb700000,0x00000000ed600000)
  from space 2560K, 99% used [0x00000000ed880000,0x00000000edafd900,0x00000000edb00000)
  to   space 2560K, 0% used [0x00000000ed600000,0x00000000ed600000,0x00000000ed880000)
 ParOldGen       total 42496K, used 865K [0x00000000c2400000, 0x00000000c4d80000, 0x00000000eb700000)
  object space 42496K, 2% used [0x00000000c2400000,0x00000000c24d85e0,0x00000000c4d80000)
 Metaspace       used 7758K, capacity 7938K, committed 8064K, reserved 1056768K
  class space    used 980K, capacity 1049K, committed 1152K, reserved 1048576K
}
Event: 0.905 GC heap before
{Heap before GC invocations=3 (full 0):
 PSYoungGen      total 34304K, used 34294K [0x00000000eb700000, 0x00000000edb00000, 0x0000000100000000)
  eden space 31744K, 100% used [0x00000000eb700000,0x00000000ed600000,0x00000000ed600000)
  from space 2560K, 99% used [0x00000000ed880000,0x00000000edafd900,0x00000000edb00000)
  to   space 2560K, 0% used [0x00000000ed600000,0x00000000ed600000,0x00000000ed880000)
 ParOldGen       total 42496K, used 865K [0x00000000c2400000, 0x00000000c4d80000, 0x00000000eb700000)
  object space 42496K, 2% used [0x00000000c2400000,0x00000000c24d85e0,0x00000000c4d80000)
 Metaspace       used 12876K, capacity 13192K, committed 13312K, reserved 1060864K
  class space    used 1589K, capacity 1690K, committed 1792K, reserved 1048576K
Event: 0.917 GC heap after
Heap after GC invocations=3 (full 0):
 PSYoungGen      total 34304K, used 2544K [0x00000000eb700000, 0x00000000efa00000, 0x0000000100000000)
  eden space 31744K, 0% used [0x00000000eb700000,0x00000000eb700000,0x00000000ed600000)
  from space 2560K, 99% used [0x00000000ed600000,0x00000000ed87c010,0x00000000ed880000)
  to   space 2560K, 0% used [0x00000000ef780000,0x00000000ef780000,0x00000000efa00000)
 ParOldGen       total 42496K, used 5216K [0x00000000c2400000, 0x00000000c4d80000, 0x00000000eb700000)
  object space 42496K, 12% used [0x00000000c2400000,0x00000000c29182a0,0x00000000c4d80000)
 Metaspace       used 12876K, capacity 13192K, committed 13312K, reserved 1060864K
  class space    used 1589K, capacity 1690K, committed 1792K, reserved 1048576K
}
Event: 1.235 GC heap before
{Heap before GC invocations=4 (full 0):
 PSYoungGen      total 34304K, used 34288K [0x00000000eb700000, 0x00000000efa00000, 0x0000000100000000)
  eden space 31744K, 100% used [0x00000000eb700000,0x00000000ed600000,0x00000000ed600000)
  from space 2560K, 99% used [0x00000000ed600000,0x00000000ed87c010,0x00000000ed880000)
  to   space 2560K, 0% used [0x00000000ef780000,0x00000000ef780000,0x00000000efa00000)
 ParOldGen       total 42496K, used 5216K [0x00000000c2400000, 0x00000000c4d80000, 0x00000000eb700000)
  object space 42496K, 12% used [0x00000000c2400000,0x00000000c29182a0,0x00000000c4d80000)
 Metaspace       used 13507K, capacity 13792K, committed 14080K, reserved 1060864K
  class space    used 1641K, capacity 1758K, committed 1792K, reserved 1048576K
Event: 1.249 GC heap after
Heap after GC invocations=4 (full 0):
 PSYoungGen      total 66048K, used 2528K [0x00000000eb700000, 0x00000000efa00000, 0x0000000100000000)
  eden space 63488K, 0% used [0x00000000eb700000,0x00000000eb700000,0x00000000ef500000)
  from space 2560K, 98% used [0x00000000ef780000,0x00000000ef9f8020,0x00000000efa00000)
  to   space 2560K, 0% used [0x00000000ef500000,0x00000000ef500000,0x00000000ef780000)
 ParOldGen       total 42496K, used 7643K [0x00000000c2400000, 0x00000000c4d80000, 0x00000000eb700000)
  object space 42496K, 17% used [0x00000000c2400000,0x00000000c2b76f58,0x00000000c4d80000)
 Metaspace       used 13507K, capacity 13792K, committed 14080K, reserved 1060864K
  class space    used 1641K, capacity 1758K, committed 1792K, reserved 1048576K
}
Event: 1.683 GC heap before
{Heap before GC invocations=5 (full 0):
 PSYoungGen      total 66048K, used 66016K [0x00000000eb700000, 0x00000000efa00000, 0x0000000100000000)
  eden space 63488K, 100% used [0x00000000eb700000,0x00000000ef500000,0x00000000ef500000)
  from space 2560K, 98% used [0x00000000ef780000,0x00000000ef9f8020,0x00000000efa00000)
  to   space 2560K, 0% used [0x00000000ef500000,0x00000000ef500000,0x00000000ef780000)
 ParOldGen       total 42496K, used 7643K [0x00000000c2400000, 0x00000000c4d80000, 0x00000000eb700000)
  object space 42496K, 17% used [0x00000000c2400000,0x00000000c2b76f58,0x00000000c4d80000)
 Metaspace       used 14141K, capacity 14432K, committed 14592K, reserved 1062912K
  class space    used 1659K, capacity 1758K, committed 1792K, reserved 1048576K
Event: 1.704 GC heap after
Heap after GC invocations=5 (full 0):
 PSYoungGen      total 66048K, used 2544K [0x00000000eb700000, 0x00000000f4100000, 0x0000000100000000)
  eden space 63488K, 0% used [0x00000000eb700000,0x00000000eb700000,0x00000000ef500000)
  from space 2560K, 99% used [0x00000000ef500000,0x00000000ef77c010,0x00000000ef780000)
  to   space 7168K, 0% used [0x00000000f3a00000,0x00000000f3a00000,0x00000000f4100000)
 ParOldGen       total 42496K, used 10221K [0x00000000c2400000, 0x00000000c4d80000, 0x00000000eb700000)
  object space 42496K, 24% used [0x00000000c2400000,0x00000000c2dfb5c8,0x00000000c4d80000)
 Metaspace       used 14141K, capacity 14432K, committed 14592K, reserved 1062912K
  class space    used 1659K, capacity 1758K, committed 1792K, reserved 1048576K
}
Event: 2.166 GC heap before
{Heap before GC invocations=6 (full 0):
 PSYoungGen      total 66048K, used 66032K [0x00000000eb700000, 0x00000000f4100000, 0x0000000100000000)
  eden space 63488K, 100% used [0x00000000eb700000,0x00000000ef500000,0x00000000ef500000)
  from space 2560K, 99% used [0x00000000ef500000,0x00000000ef77c010,0x00000000ef780000)
  to   space 7168K, 0% used [0x00000000f3a00000,0x00000000f3a00000,0x00000000f4100000)
 ParOldGen       total 42496K, used 10221K [0x00000000c2400000, 0x00000000c4d80000, 0x00000000eb700000)
  object space 42496K, 24% used [0x00000000c2400000,0x00000000c2dfb5c8,0x00000000c4d80000)
 Metaspace       used 15564K, capacity 16006K, committed 16128K, reserved 1062912K
  class space    used 1805K, capacity 1943K, committed 2048K, reserved 1048576K
Event: 2.182 GC heap after
Heap after GC invocations=6 (full 0):
 PSYoungGen      total 133632K, used 6577K [0x00000000eb700000, 0x00000000f4200000, 0x0000000100000000)
  eden space 126464K, 0% used [0x00000000eb700000,0x00000000eb700000,0x00000000f3280000)
  from space 7168K, 91% used [0x00000000f3a00000,0x00000000f406c6e0,0x00000000f4100000)
  to   space 7680K, 0% used [0x00000000f3280000,0x00000000f3280000,0x00000000f3a00000)
 ParOldGen       total 42496K, used 10229K [0x00000000c2400000, 0x00000000c4d80000, 0x00000000eb700000)
  object space 42496K, 24% used [0x00000000c2400000,0x00000000c2dfd5c8,0x00000000c4d80000)
 Metaspace       used 15564K, capacity 16006K, committed 16128K, reserved 1062912K
  class space    used 1805K, capacity 1943K, committed 2048K, reserved 1048576K
}

